[    0.000000] Linux version 415.0-54-generic (buildd@lgw01-amd64-014) (gcc version 7.4.0 (Ubuntu 7.4.0-1ubuntu1~18.04.1)) #58-Ubuntu SMP Mon Jun 24 10:55:24 UTC 2019 (Ubuntu 4.15.0-54.58-generic 4.15.18)
[    0.000000] Command line: BOOT_IMAGE=/boot/vmlinuz-4.15.0-54-generic root=LABEL=cloudimg-rootfs ro console=tty1 console=ttyS0
[    0.000000] KERNEL supported cpus:
[    0.000000]   Intel GenuineIntel
[    0.000000]   AMD AuthenticAMD
[    0.000000]   Centaur CentaurHauls
[    0.000000] x86/fpu: Supporting XSAVE feature 0x001: 'x87 floating point registers'
[    0.000000] x86/fpu: Supporting XSAVE feature 0x002: 'SSE registers'
[    0.000000] x86/fpu: Supporting XSAVE feature 0x004: 'AVX registers'
[    0.000000] x86/fpu: xstate_offset[2]:  576, xstate_sizes[2]:  256
[    0.000000] x86/fpu: Enabled xstate features 0x7, context size is 832 bytes, using 'standard' format.
[    0.000000] e820: BIOS-provided physical RAM map:
[    0.000000] BIOS-e820: [mem 0x0000000000000000-0x00000000009fbf usable
[    0.000000] BIOSe820: [mem 0x000000000009fc00-0x000000000009ffff] reserved
[    0.000000] BIOS-e820: [mem 0x00000000000f0000-0x00000000000fffff] reserved
[    0.000000] BIOS-e820: [mem 0x0000000000100000-0x000000003ffeffff] usable
[    0.000000] BIOS-e820: [mem 0x000000003fff0000-0x000000003fffffff] ACPI data
[    0.000000] BIOS-e820: [mem 0x00000000fec00000-0x00000000fec00fff] reserved
[    0.000000] BIOS-e820: [mem 0x00000000fee00000-0x00000000fee00fff] reserved
[    0.000000] BIOS-e820: [mem 0x00000000fffc000-0x0000000ffffffff] reserved
[    0.000000] NX (Execute Disable) protection: active
[    0.000000] SMBIOS 2.5 present.
[    0.000000] DMI: innotek GmbH VirtualBox/VirtualBox, BIOS VirtualBox 12/01/2006
[    0.000000] Hypervisor detected: KVM
[    0.000000] e820: last_pfn = 0x3fff0 max_arch_pfn = 0x400000000
[    0.000000] MTRR: Disabled
[    0.000000] x86/PAT: MTRRs disabled, skipping PAT initialization too.
[    0.000000] CPU MTRRs all blank - virtualized system.
[    0.000000] x86/PAT: Configuration [0-7]: WB  WT  UC- UC  WB  WT  UC- UC  
[    0.000000] found SMP MP-table at [mem 0x0009fff0-0x0009ffff] mapped at [        (ptrval)]
[    0.000000] Scanning 1 areas for low memory corruption
[    0.000000] RAMDISK: [mem 0x35a93000-0x36d40fff]
[    0000000] ACPI: Early table checksum verification disabled
[    0.000000] ACPI: RSDP 0x00000000000E0000 000024 (v02 VBOX  )
[    0.000000] ACPI: XSDT 0x000000003FFF0030 00003C (v01 VBOX   VBOXXSDT 00000001 ASL  00000061)
[    0.000000]ACPI: FACP 0x000000003FFF00F0 0000F4 (v04 VBOX   VBOXFACP 00000001 ASL  00000061)
[    0.000000] ACPI: DSDT 0x000000003FFF0470 0021FF (v02 VBOX   VBOXBIOS 00000002 INTL 20180105)
[    0.000000] ACPI: FACS 0x000000003FFF0200 000040
[    0.000000] ACPI: FACS 0x000000003FFF0200 000040
[    0.000000] ACPI: APIC 0x000000003FFF0240 00005C (v02 VBOX   VBOXAPIC 00000001 ASL  00000061)
[    0.000000] ACPI: SSDT 0x000000003FFF02A0 0001CC (v01 VBOX   VBOXCPUT 00000002 INTL 20180105)
[    0.000000] No NUMA configuration found
[    0.000000] Faking a node at [mem 0x0000000000000000-0x000000003ffeffff]
[    0.000000] NODE_DATA(0) allocated [mem 0x3ffc5000-0x3ffeffff]
[    0.000000] kvm-clock: cpu 0, msr 0:3ff44001, primary cpu clock
[    0.000000] kvm-clock: Using msrs 4b564d01 and 4b564d00
[    0.000000] kvm-clock: using sched offset of 3591527559 cycles
[    0.000000] clocksource: kvm-clck: mask: 0xffffffffffffff max_cycles: 0x1cd42e4dffb, max_idle_ns: 881590591483 ns
[    0.000000] Zone ranges:
[    0.000000]   DMA      [mem 0x0000000000001000-0x0000000000ffffff]
[    0.000000]   DMA32    [mem 0x0000000001000000-0x000000003ffeffff]
[    0.000000]   Normal   empty
[    0.000000]   Device   empty
[    0.000000] Movable zone start for each node
[    0.000000] Early memory node ranges
[    0.000000]   node   0: [mem 0x0000000000001000-0x000000000009efff]
[    0.000000]   node   0: [mem 0x0000000000100000-0x000000003ffeffff]
[    0.000000] Reserved but unavailable: 114 pages
[    0.000000] Initmem setup node 0 [mem 0x0000000000001000-0x000000003ffeffff]
[    0.000000] ACPI: PM-Timer IO Port: 0x4008
[    0.000000] IOAPIC[0]: apic_id 2, version 32, address 0xfec00000, GSI 0-23
[    0.000000] ACPI: INT_SRC_OVR (bus 0 bus_irq 0 global_irq 2 dfl dfl)
[    0.000000] ACPI: INT_SRC_OVR (bus 0 bus_irq 9 global_irq 9 low level)
[    0.000000] Using ACPI (MADT) for SMP configuration information
[    0.000000] smpboot: Allowing 2 CPUs, 0 hotplug CPUs
[    0.000000] PM: Registered nosave memory: [mem 0x00000000-0x00000fff]
[    0.000000] PM: Registered nosave memory: [mem 0x0009f000-0x0009ffff]
[    0.000000] PM: Registered nosave memory: [mem 0x000a0000-0x000effff]
[    0.000000] PM: Registered nosave memory: [mem 0x000f0000-0x000fffff]
[    0.000000] e820: [mem 0x40000000-0xfebfffff] available for PCI devices
[    0.000000] Booting paravirtualized kernel on KVM
[    0.000000] clocksource: refined-jiffies: mask: 0xffffffff max_cycles: 0xffffffff, max_idle_ns: 7645519600211568 ns
[    0.000000] random: get_random_bytes called from start_kernel+0x99/0x4fd with crng_init=0
[    0.000000] setup_percpu: NR_CPUS:8192 nr_cpumask_bits:2 nr_cpu_ids:2 nr_node_ids:1
[    0.000000] percpu: Embedded 46 pages/cpu @        (ptrval) s151552 r8192 d28672 u1048576
[    0.000000] PV qspinlock hash table entries: 256 (order: 0, 4096 bytes)
[    0.000000] Built 1 zonelists, mobility grouping on.  Total pages: 257913
[    0.000000] Policy zone: DMA32
[    0.000000] Kernel command line: BOOT_IMAGE=/boot/vmlinuz-4.15.0-54-generic root=LABEL=cloudimg-rootfs ro console=tty1 console=ttyS0
[    0.000000] Memory: 983456K/1048120K available (12300K kernel code, 2473K rwdata, 4272K rodata, 2408K init, 2416K bss, 64664K reserved, 0K cma-reserved)
[    0.000000] SLUB: HWalign=64, Order=0-3, MinObjects=0, CPUs=2, Nodes=1
[    0.000000] Kernel/User page tables isolation: enabled
[    0.000000] ftrace: allocating 39216 entries in 154 pages
[    0.004000] Hierarchical RCU implementation.
[    0.004000] 	RCU restricting CPUs from NR_CPUS=8192 to nr_cpu_ids=2.
[    0.004000] 	Tasks RCU enabled.
[    0.004000] RCU: Adjusting geometry for rcu_fanout_leaf=16, nr_cpu_ids=2
[    0.004000] NR_IRQS: 524544, nr_irqs: 440, preallocated irqs: 16
[    0.004000] Console: colour VGA+ 80x25
[    0.004000] console [tty1] enabled
[    0.004000] console [ttyS0] enabled
[    0.004000] ACPI: Core revision 2010831
[    0.004000] ACPI: 2 ACPI AML tables successfully acquired and loaed
[    0.004000] APIC: Switch to symmetric I/O mode setup
[    0.004254] x2apic enabled
[    0.004855] Switched APIC routing to physical x2apic.
[    0.012868] ..TIMER: vector=0x30 apic1=0 pin1=2 apic2=-1 pin2=-1
[    0.016003] tsc: Detected 2496.000 MHz processor
[    0.016640] Calibrating delay loop (skipped) preset value.. 4992.00 BogoMIPS (lpj=9984000)
[    0.020007] pid_max: default: 32768 minimum: 301
[    0.024041] Security Framework initialized
[    0.028002] Yama: becoming mindful.
[    0.028530] AppArmor: AppArmor initialized
[    0.029641] Dentry cache hash table entries: 131072 (order: 8, 1048576 bytes)
[    0.030608] Inode-cache hash table entries: 65536 (order: 7, 524288 bytes)
[    0.032010] Mount-cache hash table entries: 2048 (order: 2, 16384 bytes)
[    0.032893] Mountpoint-cache hash table entries: 2048 (order: 2, 16384 bytes)
[    0.036284] mce: CPU supports 0 MCE banks
[    0.040022] Last level iTLB entries: 4KB 128, 2MB 8, 4MB 8
[    0.044006] Last level dTLB entries: 4KB 64, 2MB 0, 4MB 0, 1GB 4
[    0.048006] Spectre V2 : Mitigation: Full generic retpoline
[    0.048825] Spectre V2 : Spectre v2 / SpectreRSB mitigation: Filling RSB on context switch
[    0.052001] Speculative Store Bypass: Vulnerable
[    0.052694] MDS: Mitigation: Clear CPU buffers
[    0.053427] Freeing SMP alternatives memory: 36K
[    0.056000] smpboot: CPU0: Intel(R) Core(TM) i5-7300HQ CPU @ 2.50GHz (family: 0x6, model: 0x9e, stepping: 0x9)
[    0.056000] Performance Events: unsupported p6 CPU model 158 no PMU driver, software events only.
[    0.056000] Hierarchical SRCU implementation.
[    0.056037] NMI watchdog: Perf event create on CPU 0 failed with -2
[    0.060005] NMI watchdog: Perf NMI watchdog permanently disabled
[    0.061000] smp: Bringing up secondary CPUs ...
[    0.061709] x86: Booting SMP configuration:
[    0.064004] .... node  #0, CPUs:      #1
[    0.004000] kvm-clock: cpu 1, msr 0:3ff44041, secondary cpu clock
[    0.004000] mce: CPU supports 0 MCE banks
[    0.078241] smp: Brought up 1 node, 2 CPUs
[    0.080016] smpboot: Max logical packages: 1
[    0.080684] smpboot: Total of 2 processors activated (9984.00 BogoMIPS)
[    0.084156] devtmpfs: initialized
[    0.088082] x86/mm: Memory block size: 128MB
[    0.092158] evm: security.selinux
[    0.096009] evm: security.SMACK64
[    0.100019] evm: security.SMACK64EXEC
[    0.100592] evm: security.SMACK64TRANSMUTE
[    0.102360] evm: security.SMACK64MMAP
[    0.104008] evm: security.apparmor
[    0.108006] evm: security.ima
[    0.112008] evm: security.capability
[    0.112741] clocksource: jiffies: mask: 0xffffffff max_cycles: 0xffffffff, max_idle_ns: 7645041785100000 ns
[    0.116020] futex hash table entries: 512 (order: 3, 32768 bytes)
[    0.120073] pinctrl core: initialized pinctrl subsystem
[    0.124755] RTC time: 15:41:27, date: 08/03/19
[    0.128236] NET: Registered protocol family 16
[    0.128979] audit: initializing netlink subsys (disabled)
[    0.132051] audit: type=2000 audit(1564846888.290:1): state=initialized audit_enabled=0 res=1
[    0.140011] cpuidle: using governor ladder
[    0.144012] cpuidle: using governor menu
[    0.144668] ACPI: bus type PCI registered
[    0.145338] acpiphp: ACPI Hot Plug PCI Controller Driver version: 0.5
[    0.146378] PCI: Using configuration type 1 for base access
[    0.148839] HugeTLB registered 2.00 MiB page size, pre-allocated 0 pages
[    0.148955] ACPI: Added _OSI(Module Device)
[    0.148955] ACPI: Added _OSI(Processor Device)
[    0.149259] ACPI: Added _OSI(3.0 _SCP Extensions)
[    0.152002] ACPI: Added _OSI(Processor Aggregator Device)
[    0.152686] ACPI: Added _OSI(Linux-Dell-Video)
[    0.153363] ACPI: Added _OSI(Linux-Lenovo-NV-HDMI-Audio)
[    0.156010] ACPI: Added _OSI(Linux-HPI-Hybrid-Graphics)
[    0.160248] ACPI: Executed 1 blocks of module-level executable AML code
[    0.165060] ACPI: Interpreter enabled
[    0.165705] ACPI: (supports S0 S5)
[    0.166199] ACPI: Using IOAPIC for interrupt routing
[    0.167076] PCI: Using host bridge windows from ACPI; if necessary, use "pci=nocrs" and report a bug
[    0.168136] ACPI: Enabled 2 GPEs in block 00 to 07
[    0.174922] ACPI: PCI Root Bridge [PCI0] (domain 0000 [bus 00-ff])
[    0.176015] acpi PNP0A03:00: _OSC: OS supports [ASPM ClockPM Segments MSI]
[    0.180049] acpi PNP0A03:00: _OSC: not requesting OS control; OS requires [ExtendedConfig ASPM ClockPM MSI]
[    0.181414] acpi PNP0A03:00: fail to add MMCONFIG information, can't access extended PCI configuration space under this bridge.
[    0.184331] PCI host bridge to bus 0000:00
[    0.188009] pci_bus 0000:00: root bus resource [io  0x0000-0x0cf7 window]
[    0.188940] pci_bus 0000:00: root bus resource [io  0x0d00-0xffff window]
[    0.192009] pci_bus 0000:00: root bus resource [mem 0x000a0000-0x000bffff window]
[    0.196009] pci_bus 0000:00: root bus resource [mem 0x40000000-0xfdffffff window]
[    0.200008] pci_bus 0000:00: root bus resource [bus 00-ff]
[    0.205817] pci 0000:00:01.1: legacy IDE quirk: reg 0x10: [io  0x01f0-0x01f7]
[    0.208007] pci 0000:00:01.1: legacy IDE quirk: reg 0x14: [io  0x03f6]
[    0.208913] pci 0000:00:01.1: legacy IDE quirk: reg 0x18: [io  0x0170-0x0177]
[    0.210556] pci 0000:00:01.1: legacy IDE quirk: reg 0x1c: [io  0x0376]
[    0.231663] pci 0000:00:07.0: quirk: [io  0x4000-0x403f] claimed by PIIX4 ACPI
[    0.232020] pci 0000:00:07.0: quirk: [io  0x4100-0x410f] claimed by PIIX4 SMB
[    0.252441] ACPI: PCI Interrupt Link [LNKA] (IRQs 5 9 10 *11)
[    0.256316] ACPI: PCI Interrupt Link [LNKB] (IRQs 5 9 *10 11)
[    0.260177] ACPI: PCI Interrupt Link [LNKC] (IRQs 5 *9 10 11)
[    0.264129] ACPI: PCI Interrupt Link [LNKD] (IRQs 5 9 10 *11)
[    0.268142] SCSI subsystem initialized
[    0.276099] pci 0000:00:02.0: vgaarb: setting as boot VGA device
[    0.276973] pci 0000:00:02.0: vgaarb: VGA device added: decodes=io+mem,owns=io+mem,locks=none
[    0.278125] pci 0000:00:02.0: vgaarb: bridge control possible
[    0.278125] vgaarb: loaded
[    0.278125] ACPI: bus type USB registered
[    0.278125] usbcore: registered new interface driver usbfs
[    0.288032] usbcore: registered new interface driver hub
[    0.290144] usbcore: registered new device driver usb
[    0.292000] EDAC MC: Ver: 3.0.0
[    0.292039] PCI: Using ACPI for IRQ routing
[    0.292302] NetLabel: Initializing
[    0.296002] NetLabel:  domain hash size = 128
[    0.296002] NetLabel:  protocols = UNLABELED CIPSOv4 CALIPSO
[    0.296002] NetLabel:  unlabeled traffic allowed by default
[    0.296064] clocksource: Switched to clocksource kvm-clock
[    0.307873] VFS: Disk quotas dquot_6.6.0
[    0.322363] VFS: Dquot-cache hash table entries: 512 (order 0, 4096 bytes)
[    0.356247] AppArmor: AppArmor Filesystem Enabled
[    0.357011] pnp: PnP ACPI init
[    0.358314] pnp: PnP ACPI: found 3 devices
[    0.366723] clocksource: acpi_pm: mask: 0xffffff max_cycles: 0xffffff, max_idle_ns: 2085701024 ns
[    0.387224] NET: Registered protocol family 2
[    0.388501] TCP established hash table entries: 8192 (order: 4, 65536 bytes)
[    0.389455] TCP bind hash table entries: 8192 (order: 5, 131072 bytes)
[    0.390392] TCP: Hash tables configured (established 8192 bind 8192)
[    0.391283] UDP hash table entries: 512 (order: 2, 16384 bytes)
[    0.392071] UDP-Lite hash table entries: 512 (order: 2, 16384 bytes)
[    0.392942] NET: Registered protocol family 1
[    0.393529] pci 0000:00:00.0: Limiting direct PCI/PCI transfers
[    0.394389] pci 0000:00:01.0: Activating ISA DMA hang workarounds
[    0.395310] pci 0000:00:02.0: Video device with shadowed ROM at [mem 0x000c0000-0x000dffff]
[    0.396593] Unpacking initramfs...
[    0.656159] Freeing initrd memory: 19128K
[    0.656937] clocksource: tsc: mask: 0xffffffffffffffff max_cycles: 0x23fa772cf26, max_idle_ns: 440795269835 ns
[    0.736042] platform rtc_cmos: registered platform RTC device (no PNP device found)
[    0.826566] Scanning for low memory corruption every 60 seconds
[    0.835310] Initialise system trusted keyrings
[    0.835978] Key type blacklist registered
[    0.836757] workingset: timestamp_bits=36 max_order=18 bucket_order=0
[    0.838386] zbud: loaded
[    0.906271] squashfs: version 4.0 (2009/01/31) Phillip Lougher
[    0.907418] fuse init (API version 7.26)
[    0.910002] Key type asymmetric registered
[    0.910628] Asymmetric key parser 'x509' registered
[    0.911370] Block layer SCSI generic (bsg) driver version 0.4 loaded (major 246)
[    0.912522] io scheduler noop registered
[    0.913099] io scheduler deadline registered
[    0.965884] io scheduler cfq registered (default)
[    1.119127] ACPI: AC Adapter [AC] (on-line)
[    1.119732] input: Power Button as /devices/LNXSYSTM:00/LNXPWRBN:00/input/input0
[    1.120774] ACPI: Power Button [PWRF]
[    1.215849] input: Sleep Button as /devices/LNXSYSTM:00/LNXSLPBN:00/input/input1
[    1.236596] ACPI: Sleep Button [SLPF]
[    1.237452] Serial: 8250/16550 driver, 32 ports, IRQ sharing enabled
[    1.238044] ACPI: Battery Slot [BAT0] (battery present)
[    1.260767] 00:02: ttyS0 at I/O 0x3f8 (irq = 4, base_baud = 115200) is a 16550A
[    1.267759] Linux agpgart interface v0.103
[    1.269242] loop: module loaded
[    1.270150] scsi host0: ata_piix
[    1.270847] scsi host1: ata_piix
[    1.271337] ata1: PATA max UDMA/33 cmd 0x1f0 ctl 0x3f6 bmdma 0xd000 irq 14
[    1.272190] ata2: PATA max UDMA/33 cmd 0x170 ctl 0x376 bmdma 0xd008 irq 15
[    1.273463] libphy: Fixed MDIO Bus: probed
[    1.365795] tun: Universal TUN/TAP device driver, 1.6
[    1.370933] PPP generic driver version 2.4.2
[    1.371592] ehci_hcd: USB 2.0 'Enhanced' Host Controller (EHCI) Driver
[    1.372495] ehci-pci: EHCI PCI platform driver
[    1.373133] ehci-platform: EHCI generic platform driver
[    1.373866] ohci_hcd: USB 1.1 'Open' Host Controller (OHCI) Driver
[    1.386210] ohci-pci: OHCI PCI platform driver
[    1.495979] ohci-platform: OHCI generic platform driver
[    1.496832] uhci_hcd: USB Universal Host Controller Interface driver
[    1.497716] i8042: PNP: PS/2 Controller [PNP0303:PS2K,PNP0f03:PS2M] at 0x60,0x64 irq 1,12
[    1.620479] serio: i8042 KBD port at 0x60,0x64 irq 1
[    1.621213] serio: i8042 AUX port at 0x60,0x64 irq 12
[    1.621992] mousedev: PS/2 mouse device common for all mice
[    16623072] input: AT Translated Set 2 keyboard as /devices/platform/i8042/serio0/input/input2
[    1.716927] rtc_cmos rtc_cmos: rtc core: registered rtc_cmos as rtc0
[    1.718182] rtc_cmos rtc_cmos: alarms up to one day, 114 bytes nvram
[    1.719063] i2c /dev entries driver
[    1.719587] device-mapper: uevent: version 1.0.3
[    1.720297] device-mapper: ioctl: 4.37.0-ioctl (2017-09-20) initialised: dm-devel@redhat.com
[    1.721469] ledtrig-cpu: registered to indicate activity on CPUs
[    1.722847] NET: Registered protocol family 10
[    1.789241] Segment Routing with IPv6
[    1.789779] NET: Registered protocol family 17
[    1.790443] Key type dns_resolver registered
[    1.791190] RAS: Correctable Errors collector initialized.
[    1.791939] sched_clock: Marking stable (1791162153, 0)->(6899069863, -5107907710)
[    1.793752] registered taskstats version 1
[    1.856210] Loading compiled-in X.509 certificates
[    1.859028] Loaded X.509 cert 'Build time autogenerated kernel key: 1cc14bc8298a06d551159822c55fa35abd77a621'
[    1.886868] zswap: loaded using pool lzo/zbud
[    1.890560] Key type big_key registered
[    2.075839] Key type trusted registered
[    2.097885] Key type encrypted registered
[    2.098479] AppArmor: AppArmor sha1 policy hashing enabled
[    2.185805] ima: No TPM chip found, activating TPM-bypass! (rc=-19)
[    2.248481] ima: Allocated hash algorithm: sha1
[    2.249102] evm: HMAC attrs: 0x1
[    2.249780]   Magic number: 15:958:688
[    2.250478] rtc_cmos rcc_cmos: setting system clock to 2019-08-03 15:41:29 UTC (1564846889)
[    2.396470] BIOS EDD facility v0.16 2004-Jun-25, 0 devices found
[    2.397296] EDD information not available.
[    2.400370] Freeing unused kernel image memory: 2408K
[    2.412042] Write protecting the kernel read-only data: 20480k
[    2.487504] Freeing unused kernel image memory: 2008K
[    2.488502] Freeing unused kernel image memory: 1872K
[    2.511427] x86/mm: Checked W+X mappings: passed, no W+X pages found.
[    2.512396] x86/mm: Checking user space page tables
[    2.518700] x86/mm: Checked W+X mappings: passed, no W+X pages found.
Loading, please wait...
starting version 237
[    2.622687] e1000: Intel(R) PRO/1000 Network Driver - version 7.3.21-k8-NAPI
[    2.626282] e1000: Copyright (c) 1999-2006 Intel Corporation.
[    2.650595] Fusion MPT base driver 3.04.20
[    2.696935] Copyright (c) 1999-2008 LSI Corporation
[    2.775260] AVX2 version of gcm_enc/dec engaged.
[    2.804486] AES CTR mode by8 optimization enabled
[    2.807784] Fusion MPT SPI Host driver 3.04.20
[    2.977187] input: ImExPS/2 Generic Explorer Mouse as /devices/platform/i8042/serio1/input/input4
[    3.219996] e1000 0000:00:03.0 eth0: (PCI:33MHz:32-bit) 02:14:02:97:50:96
[    3.295140] e1000 0000:00:03.0 eth0: Intel(R) PRO/1000 Network Connection
[    3.756433] e1000 0000:00:08.0 eth1: (PCI:33MHz:32-bit) 08:00:27:ae:31:58
[    3.801651] e1000 0000:00:08.0 eth1: Intel(R) PRO/1000 Network Connection
[    3.803912] mptbase: ioc0: Initiating bringup
[    4.185813] ioc0: LSI53C1030 A0: Capabilities={Initiator}
[    5.757398] scsi host2: ioc0: LSI53C1030 A0, FwRev=00000000h, Ports=1, MaxQ=256, IRQ=20
[    6.706206] scsi 2:0:0:0: Direct-Access     VBOX     HARDDISK         1.0  PQ: 0 ANSI: 5
[    7.035499] scsi target2:0:0: Beginning Domain Validation
[    7.063780] scsi target2:0:0: Domain Validation skipping write tests
[    7.066974] e1000 0000:00:09.0 eth2: (PCI:33MHz:32-bit) 08:00:27:03:30:2a
[    7.066980] e1000 0000:00:09.0 eth2: Intel(R) PRO/1000 Network Connection
[    7.565965] scsi target2:0:0: Ending Domain Validation
[    7.568353] e1000 0000:00:09.0 enp0s9: renamed from eth2
[    7.569164] scsi target2:0:0: asynchronous
[    7.570244] scsi 2:0:1:0: Direct-Access     VBOX     HARDDISK         1.0  PQ: 0 ANSI: 5
[    7.596526] e1000 0000:00:03.0 enp0s3: renamed from eth0
[    7.697012] scsi target2:0:1: Beginning Domain Validation
[    7.790060] e1000 0000:00:08.0 enp0s8: renamed from eth1
[    7.791137] random: fast init done
[    7.791937] scsi target2:0:1: Domain Validation skipping write tests
[    7.792787] scsi target2:0:1: Ending Domain Validation
[    7.793508] scsi target2:0:1: asynchronous
[    7.796675] random: systemd-udevd: uninitialized urandom read (16 bytes read)
[    7.797564] random: systemd-udevd: uninitialized urandom read (16 bytes read)
[    7.798483] random: systemd-udevd: uninitialized urandom read (16 bytes read)
[    7.800991] sd 2:0:0:0: [sda] 20971520 512-byte logical blocks: (10.7 GB/10.0 GiB)
[    7.802713] sd 2:0:0:0: [sda] Write Protect is off
[    8.076140] sd 2:0:0:0: Attached scsi generic sg0 type 0
[    8.076307] sd 2:0:1:0: Attached scsi generic sg1 type 0
[    8.261869] sd 2:0:0:0: [sda] Incomplete mode parameter data
[    8.495711] sd 2:0:0:0: [sda] Assuming drive cache: write through
[    8.495770] sd 2:0:1:0: [sdb] 20480 512-byte logical blocks: (10.5 MB/10.0 MiB)
[    8.495854] sd 2:0:1:0: [sdb] Write Protect is off
[    8.495914] sd 2:0:1:0: [sdb] Incomplete mode parameter data
[    8.495915] sd 2:0:1:0: [sdb] Assuming drive cache: write through
[    8.515294] sd 2:0:1:0: [sdb] Attached SCSI disk
[    8.708064]  sda: sda1
[    8.756735] sd 2:0:0:0: [sda] Attached SCSI disk
Begin: Loading essential drivers ... [   10.204286] raid6: sse2x1   gen() 11098 MB/s
[   10.376543] raid6: sse2x1   xor()  7655 MB/s
[   10.458315] raid6: sse2x2   gen() 13292 MB/s
[   10.545402] raid6: sse2x2   xor()  9898 MB/s
[   10.715370] raid6: sse2x4   gen() 17135 MB/s
[   10.892103] raid6: sse2x4   xor()  9836 MB/s
[   11.025360] raid6: avx2x1   gen() 25020 MB/s
[   11.095377] raid6: avx2x1   xor() 17279 MB/s
[   11.449258] raid6: avx2x2   gen() 28595 MB/s
[   11.595309] raid6: avx2x2   xor() 17913 MB/s
[   11.675331] raid6: avx2x4   gen() 33304 MB/s
[   12.021043] raid6: avx2x4   xor() 18507 MB/s
[   12.029820] raid6: using algorithm avx2x4 gen() 33304 MB/s
[   12.030588] raid6: .... xor() 18507 MB/s, rmw enabled
[   12.031256] raid6: using avx2x2 recovery algorithm
[   12.033160] xor: automatically using best checksumming function   avx       
[   12.035215] async_tx: api initialized (async)
done.
Begin: Running[   12.144611] Btrfs loaded, crc32c=crc32c-intel
 /scripts/init-premount ... done.
Begin: Mounting root file system ... Begin: R[   12.341073] EXT4-fs (sda1): mounted filesystem with ordered data mode. Opts: (null)
unning /scripts/local-top ... done.
Begin: Running /scripts/local-premount ... Scanning for Btrfs filesystems
done.
Warning: fsck not present, so skipping root file system
done.
Begin: Running /scripts/local-bottom ... done.
Begin: Running /scripts/init-bottom ... done.
[   13.112843] ip_tables: (C) 2000-2006 Netfilter Core Team
[   13.334021] systemd[1]: systemd 237 running in system mode. (+PAM +AUDIT +SELINUX +IMA +APPARMOR +SMACK +SYSVINIT +UTMP +LIBCRYPTSETUP +GCRYPT +GNUTLS +ACL +XZ +LZ4 +SECCOMP +BLKID +ELFUTILS +KMOD -IDN2 +IDN -PCRE2 default-hierarchy=hybrid)
[   13.527676] systemd[1]: Detected virtualization oracle.
[   13.528415] systemd[1]: Detected architecture x86-64.

Welcome to [1mUbuntu 18.04.2 LTS[0m!

[   13.556576] systemd[1]: Set hostname to <ubuntu>.
[   13.752914] systemd[1]: Initializing machine ID from random generator.
[   13.839127] systemd[1]: Installed transient /etc/machine-id file.
[   14.278056] random: crng init done
[   14.365522] random: 7 urandom warning(s) missed due to ratelimiting
[   14.695013] systemd[1]: Started Forward Password Requests to Wall Directory Watch.
[[0;32m  OK  [0m] Started Forward Password Requests to Wall Directory Watch.
[   14.946983] systemd[1]: Reached target User and Group Name Lookups.
[[0;32m  OK  [0m] Reached target User and Group Name Lookups.
[   14.948863] systemd[1]: Set up automount Arbitrary Executable File Formats File System Automount Point.
[[0;32m  OK  [0m] Set up automount Arbitrary Executab…rmats File System Automount Point.
[   14.952625] systemd[1]: Created slice System Slice.
[[0;32m  OK  [0m] Created slice System Slice.
[[0;32m  OK  [0m] Listening on Journal Socket (/dev/log).
[[0;32m  OK  [0m] Created slice system-serial\x2dgetty.slice.
[[0;32m  OK  [0m] Listening on udev Kernel Socket.
[[0;32m  OK  [0m] Listening on LVM2 metadata daemon socket.
[[0;32m  OK  [0m] Created slice User and Session Slice.
[[0;32m  OK  [0m] Listening on Journal Audit Socket.
[[0;32m  OK  [0m] Listening on Device-mapper event daemon FIFOs.
[[0;32m  OK  [0m] Listening on LVM2 poll daemon socket.
[[0;32m  OK  [0m] Reached target Slices.
[[0;32m  OK  [0m] Listening on Syslog Socket.
[[0;32m  OK  [0m] Listening on Network Service Netlink Socket.
[[0;32m  OK  [0m] Listening on /dev/initctl Compatibility Named Pipe.
[[0;32m  OK  [0m] Reached target System Time Synchronized.
[[0;32m  OK  [0m] Listening on udev Control Socket.
[[0;32m  OK  [0m] Listening on Journal Socket.
         Mounting POSIX Message Queue File System...
         Starting udev Coldplug all Devices...
         Starting Load Kernel Modules...
[   15.254219] Loading iSCSI transport class v2.0-870.
         Starting Set the console keyboard layout...
         Starting Journal Service...
         Starting Monitoring of LVM2 mirrors…ng dmeventd or progress polling...
[   15.515251] iscsi: registered transport (tcp)
         Starting Uncomplicated firewall...
         Starting Remount Root and Kernel File Systems...
         Starting Create list of required st…ce nodes for the current kernel...
         Mounting Kernel Debug File System...
         Mounting Huge Pages File System...
[[0;32m  OK  [0m] Reached target Swap.
[[0;32m  OK  [0m] Started Journal Service.
[[0;32m  OK  [0m] Started Uncomplicated firewall.
[[0;32m  OK  [0[   16.611355] iscsi: registered transport (iser)
m] Mounted POSIX Message Queue File System.
[[0;32m  OK  [0m] Started Load [   16.645452] EXT4-fs (sda1): re-mounted. Opts: (null)
Kernel Modules.
[[0;32m  OK  [0m] Started Remount Root and Kernel File Systems.
[[0;32m  OK  [0m] Started Create list of required sta…vice nodes for the current kernel.
[[0;32m  OK  [0m] Mounted Kernel Debug File System.
[[0;32m  OK  [0m] Mounted Huge Pages File System.
[[0;32m  OK  [0m] Started udev Coldplug all Devices.
[[0;32m  OK  [0m] Started LVM2 metadata daemon.
         Starting Create Static Device Nodes in /dev...
         Starting Load/Save Random Seed...
         Mounting Kernel Configuration File System...
         Mounting FUSE Control File System...
         Starting Apply Kernel Variables...
         Starting Flush Journal to Persistent Storage...
[[0;32m  OK  [0m] Started Set the console keyboard layout.
[[0;32m  OK  [0m] Started Monitoring of LVM2 mirrors,…sing dmeventd or progress polling.
[[0;32m  OK  [0m] Started Create Static Device Nodes in /dev.
[[0;32m  OK  [0m] Started Load/Save Random Seed.
[[0;32m  OK  [0m] Mounted Kernel Configuration File System.
[[0;32m  OK  [0m] Mounted FUSE Control File System.
[[0;32m  OK  [0m] Started Apply Kernel Variables.
         Starting udev Kernel Device Manager...
[[0;32m  OK  [0m] Reached target Local File Systems (Pre).
[[0;32m  OK  [0m] Reached target Local File Systems.
         Starting Commit a transient machine-id on disk...
         Starting AppArmor initialization...
         Starting ebtables ruleset management...
         Starting Tell Plymouth To Write Out Runtime Data...
         Starting Set console font and keymap...
[[0;32m  OK  [0m] Started udev Kernel Device Manager.
[[0;32m  OK  [0m] Started Commit a transient machine-id on disk.
[[0;32m  OK  [0m] Started Tell Plymouth To Write Out Runtime Data.
[[0;32m  OK  [0m] Started Set console font and keymap.
[[0;32m  OK  [0m] Found device /dev/ttyS0.
[[0;32m  OK  [0m] Started Flush Journal to Persistent Storage.
         Starting Create Volatile Files and Directories...
[[0;32m  OK  [0m] Listening on Load/Save RF Kill Switch Status /dev/rfkill Watch.
[[0;32m  OK  [0m] Started Dispatch Password Requests to Console Directory Watch.
[[0;32m  OK  [0m] Reached target Local Encrypted Volumes.
[[0;32m  OK  [0m] Started ebtables ruleset management.
[[0;32m  OK  [0m] Started Create Volatile Files and Directories.
         Starting Update UTMP about System Boot/Shutdown...
[[0;32m  OK  [0m] Started Update UTMP about System Boot/Shutdown.
[[0;32m  OK  [0m] Started AppArmor initialization.
         Starting Initial cloud-init job (pre-networking)...
[   21.254289] cloud-init[560]: Cloud-init v. 19.1-1-gbaa47854-0ubuntu1~18.04.1 running 'init-local' at Sat, 03 Aug 2019 15:41:47 +0000. Up 20.71 seconds.
[[0;32m  OK  [0m] Started Initial cloud-init job (pre-networking).
[[0;32m  OK  [0m] Reached target Network (Pre).
         Starting Network Service...
[[0;32m  OK  [0m] Started Network Service.
         Starting Network Name Resolution...
         Starting Wait for Network to be Configured...
[[0;32m  OK  [0m] Started Network Name Resolution.
[[0;32m  OK  [0m] Reached target Network.
[[0;32m  OK  [0m] Reached target Host and Network Name Lookups.
[[0;32m  OK  [0m] Started Wait for Network to be Configured.
         Starting Initial cloud-init job (metadata service crawler)...
[   23.500538] cloud-init[683]: Cloud-init v. 19.1-1-gbaa47854-0ubuntu1~18.04.1 running 'init' at Sat, 03 Aug 2019 15:41:50 +0000. Up 23.37 seconds.
[   23.519264] cloud-init[683]: ci-info: ++++++++++++++++++++++++++++++++++++++Net device info++++++++++++++++++++++++++++++++++++++
[   23.556229] cloud-init[683]: ci-info: +--------+-------+---------------------------+---------------+--------+-------------------+
[   23.570744] cloud-init[683]: ci-info: | Device |   Up  |          Address          |      Mask     | Scope  |     Hw-Address    |
[   23.579554] cloud-init[683]: ci-info: +--------+-------+---------------------------+---------------+--------+-------------------+
[   23.585505] cloud-init[683]: ci-info: | enp0s3 |  True |         10.0.2.15         | 255.255.255.0 | global | 02:14:02:97:50:96 |
[   23.614058] cloud-init[683]: ci-info: | enp0s3 |  True | fe80::14:2ff:fe97:5096/64 |       .       |  link  | 02:14:02:97:50:96 |
[   23.627156] cloud-init[683]: ci-info: | enp0s8 | False |             .             |       .       |   .    | 08:00:27:ae:31:58 |
[   23.628378] cloud-init[683]: ci-info: | enp0s9 | False |             .             |       .       |   .    | 08:00:27:03:30:2a |
[   23.629515] cloud-init[683]: ci-info: |   lo   |  True |         127.0.0.1         |   255.0.0.0   |  host  |         .         |
[   23.630693] cloud-init[683]: ci-info: |   lo   |  True |          ::1/128          |       .       |  host  |         .         |
[   23.696170] cloud-init[683]: ci-info: +--------+-------+---------------------------+---------------+--------+-------------------+
[   23.748134] cloud-init[683]: ci-info: ++++++++++++++++++++++++++++Route IPv4 info+++++++++++++++++++++++++++++
[   23.757995] cloud-init[683]: ci-info: +-------+-------------+----------+-----------------+-----------+-------+
[   23.772201] cloud-init[683]: ci-info: | Route | Destination | Gateway  |     Genmask     | Interface | Flags |
[   23.779751] cloud-init[683]: ci-info: +-------+-------------+----------+-----------------+-----------+-------+
[   23.856410] cloud-init[683]: ci-info: |   0   |   0.0.0.0   | 10.0.2.2 |     0.0.0.0     |   enp0s3  |   UG  |
[   23.874921] cloud-init[683]: ci-info: |   1   |   10.0.2.0  | 0.0.0.0  |  255.255.255.0  |   enp0s3  |   U   |
[   23.910867] cloud-init[683]: ci-info: |   2   |   10.0.2.2  | 0.0.0.0  | 255.255.255.255 |   enp0s3  |   UH  |
[   23.915149] cloud-init[683]: ci-info: +-------+-------------+----------+-----------------+-----------+-------+
[   23.916470] cloud-init[683]: ci-info: +++++++++++++++++++Route IPv6 info+++++++++++++++++++
[   23.917598] cloud-init[683]: ci-info: +-------+-------------+---------+-----------+-------+
[   23.936302] cloud-init[683]: ci-info: | Route | Destination | Gateway | Interface | Flags |
[   23.969220] cloud-init[683]: ci-info: +-------+-------------+---------+-----------+-------+
[   23.979789] cloud-init[683]: ci-info: |   1   |  fe80::/64  |    ::   |   enp0s3  |   U   |
[   23.981571] cloud-init[683]: ci-info: |   3   |    local    |    ::   |   enp0s3  |   U   |
[   23.996224] cloud-init[683]: ci-info: |   4   |   ff00::/8  |    ::   |   enp0s3  |   U   |
[   24.048221] cloud-init[683]: ci-info: +-------+-------------+---------+-----------+-------+
[   24.789737] cloud-init[683]: Generating public/private rsa key pair.
[   24.824237] cloud-init[683]: Your identification has been saved in /etc/ssh/ssh_host_rsa_key.
[[0;32m  OK  [0m] Started Initial cloud-init job (metadata service crawler).
[[0;32m  OK  [0m] Reached target Cloud-config availability.
[   24.846490] cloud-init[683]: Your public key has been saved in /etc/ssh/ssh_host_rsa_key.pub.
[   24.880147] cloud-init[683]: The key fingerprint is:
[[0;32m  OK  [0m] Reached target System Initialization.
[   24.881290] cloud-init[683]: SHA256:c2nHirEYqYJTtQJlwIUMTZiVYAD1DA7pZ6WVEF1fETk root@ubuntu-bionic
[   24.888334] cloud-init[683]: The key's randomart image is:
[   24.889246] cloud-init[683]: +---[RSA 2048]----+
         Starting LXD - unix socket.
[   24.924229] cloud-init[683]: |&%X=+ o.   ++    |
         [   24.960229] Starting Socket activation for snappy daemon.cloud-init
[683]: |=Oo+ =  . .E     |
[[0;32m  OK  [0m] Started Daily Cleanup of Temporary Directories.
[   24.969871] cloud-init[683]: |o . B    .  .    |
[[   24.978329] cloud-init[683]: | o = . .   o     |
[   24.978432] cloud-init[683]: |  = . o S + o    |
[0;32m  OK  [0m] Listening on Open-iSCSI iscsid Socket.
[   24.978572] cloud-init[683]: | o . . o B o     |
[   24.981347] cloud-init[683]: |o . . . o .      |
[   24.981849] cloud-init[683]: | . .             |
[   24.981918] cloud-init[683]: |                 |
[[0;32m  OK  [0m] Started Message of the Day.
[   24.982166] cloud-init[683]: +----[SHA256]-----+
[   24.990173] cloud-init[683]: Generating public/private dsa key pair.
[   24.990253] cloud-init[683]: Your identification has been saved in /etc/ssh/ssh_host_dsa_key.
[[0;32m  OK  [0m] Started Discard unused blocks once a week.
[   24.990505] cloud-init[683]: Your public key has been saved in /etc/ssh/ssh_host_dsa_key.pub.
[[0;32m  OK  [0m[   25.023044] cloud-init[683]: The key fingerprint is:
[   25.023226] cloud-init[683]: SHA256:OB1HrwfJ0x0w1V4/ZuU/m2BUiMnJ+j5KaCJ0J2/+7y4 root@ubuntu-bionic
[   25.023447] cloud-init[683]: The key's randomart image is:
[   25.023684] cloud-init[683]: +---[DSA 1024]----+
[   25.023925] cloud-init[683]: |          + *o+. |
] Listening on ACPID Listen Socket.
[[0;32m  OK  [0m] Listening on UUID daemon activation socket.
[[0;32m  OK  [0m] Listening on D-Bus System Message Bus Socket.[   25.024188] cloud-init[683]: |         o X + o+|
[   25.074908] cloud-init[683]: |        . B o oo+|
[   25.075117] cloud-init[683]: |       o + + . ++|
[   25.075342] cloud-init[683]: |   . oo.S o o o o|
[   25.075579] cloud-init[683]: |  . . +..  o o ..|
[   25.075868] cloud-init[683]: |   . . = .. . . +|
[   25.076250] cloud-init[683]: |    . = .E o   o |
[   25.076495] cloud-init[683]: |       ..o*+.    |
[   25.076724] cloud-init[683]: +----[SHA256]-----+
[   25.076965] cloud-init[683]: Generating public/private ecdsa key pair.
[   25.077201] cloud-init[683]: Your identification has been saved in /etc/ssh/ssh_host_ecdsa_key.
[   25.077441] cloud-init[683]: Your public key has been saved in /etc/ssh/ssh_host_ecdsa_key.pub.
[   25.077680] cloud-init[683]: The key fingerprint is:
[   25.077915] cloud-init[683]: SHA256:3yaNKa9Z2C0MhMMHwAkc7s1c7ShsY0TIkJHLwr1WPMU root@ubuntu-bionic

[   25.078179] cloud-init[683]: The key's randomart image is:
[[   25.131704] cloud-init[683]: +---[ECDSA 256]---+
[   25.131824] cloud-init[683]: |oBo=ooo          |
[0;32m  OK  [0m] Started ACPI Events Check.
[   25.132224] cloud-init[683]: |o.+.o. E         |
[   25.163968] cloud-init[683]: |o.o o * +        |
[[0;32m  OK  [0m] Reached target Paths.
[   25.164548] cloud-init[683]: |o+ B = *         |
[   25.227168] cloud-init[683]: |. . % o S        |
[   25.227242] cloud-init[683]: |   = o   * *     |
[   25.227487] cloud-init[683]: |  .     o X =    |
[   25.227718] cloud-init[683]: |         = +     |
[   25.227953] cloud-init[683]: |        o..      |
[   25.228218] cloud-init[683]: +----[SHA256]-----+
[   25.228441] cloud-init[683]: Generating public/private ed25519 key pair.
[   25.228682] cloud-init[683]: Your identification has been saved in /etc/ssh/ssh_host_ed25519_key.
[   25.228921] cloud-init[683]: Your public key has been saved in /etc/ssh/ssh_host_ed25519_key.pub.
[   25.229160] cloud-init[683]: The key fingerprint is:
[   25.229395] cloud-init[683]: SHA256:8YVo9VY3+Wz8GkrGFs2kTjwdEdD4oJCIwUcELRVU0zU root@ubuntu-bionic
[   25.229633] cloud-init[683]: The key's randomart image is:
[   25.229871] cloud-init[683]: +--[ED25519 256]--+
[[0;32m  OK  [0m] Started Daily apt download activities.
[   25.230191] cloud-init[683]: |   .oX*+oo..E+++o|
[[   25.303205] cloud-init[683]: |    + + o+.ooo+o.|
[   25.303282] cloud-init[683]: |     o  +..o+O +.|
[0;32m  OK  [0m] Started Daily apt upgrade and clean activities.
[[   25.303401] cloud-init[683]: |       . o.o* = =|
[   25.324361] cloud-init[683]: |        S .+ o ..|
[   25.324557] cloud-init[683]: |            * . .|
[   25.324810] cloud-init[683]: |           + . o |
[0;32m  OK  [0m] Reached target Timers.
[   25.325074] cloud-init[683]: |            . .  |
[[0;32m  OK  [0m[   25.357197] cloud-init[683]: |                 |
[   25.357384] cloud-init[683]: +----[SHA256]-----+
] Reached target Network is Online.
[[0;32m  OK  [0m] Reached target Remote File Systems (Pre).
[[0;32m  OK  [0m] Reached target Remote File Systems.
         Starting Availability of block devices...
[[0;32m  OK  [0m] Listening on LXD - unix socket.
[[0;32m  OK  [0m] Listening on Socket activation for snappy daemon.
[[0;32m  OK  [0m] Started Availability of block devices.
[[0;32m  OK  [0m] Reached target Sockets.
[[0;32m  OK  [0m] Reached target Basic System.
         Starting System Logging Service...
         Starting Dispatcher daemon for systemd-networkd...
[[0;32m  OK  [0m] Started irqbalance daemon.
[[0;32m  OK  [0m] Started Deferred execution scheduler.
         Starting LSB: automatic crash report generation...
         Starting LSB: Record successful boot for GRUB...
[[0;32m  OK  [0m] Started Regular background program processing daemon.
         Starting Permit User Sessions...
         Starting Accounts Service...
[[0;32m  OK  [0m] Started FUSE filesystem for LXC.
         Starting LXD - container startup/shutdown...
         Starting Snappy daemon...
         Starting Login Service...
         Starting Pollinate to seed the pseudo random number generator...
         Starting Virtualbox guest utils...
[[0;32m  OK  [0m] Started D-Bus System Message Bus.
[[0;32m  OK  [0m] Started Login Service.
[[0;32m  OK  [0m] Started Unattended Upgrades Shutdown.
[[0;32m  OK  [0m] Started System Logging Service.
[[0;32m  OK  [0m] Started Permit User Sessions.
         Starting Terminate Plymouth Boot Screen...
         Starting Hold until boot process finishes up...
[[0;32m  OK  [0m] Started Hold until boot process finishes up.
[[0;32m  OK  [0m] Started Terminate Plymouth Boot Screen.
[[0;32m  OK  [0m] Started Serial Getty on ttyS0.
         Starting Set console scheme...
[[0;32m  OK  [0m] Started Dispatcher daemon for systemd-networkd.
[[0;32m  OK  [0m] Started Set console scheme.
[[0;32m  OK  [0m] Created slice system-getty.slice.
[[0;32m  OK  [0m] Started Getty on tty1.
[[0;32m  OK  [0m] Reached target Login Prompts.
         Starting Authorization Manager...
[[0;32m  OK  [0m] Started LSB: automatic crash report generation.
[[0;32m  OK  [0m] Started LSB: Record successful boot for GRUB.
[[0;32m  OK  [0m] Started Authorization Manager.
[[0;32m  OK  [0m] Started Accounts Service.
[[0;32m  OK  [0m] Started Virtualbox guest utils.
[[0;32m  OK  [0m] Started LXD - container startup/shutdown.
[[0;32m  OK  [0m] Started Snappy daemon.
         Starting Wait until snapd is fully seeded...
[[0;32m  OK  [0m] Started Pollinate to seed the pseudo random number generator.
         Starting OpenBSD Secure Shell server...
[[0;32m  OK  [0m] Started OpenBSD Secure Shell server.
[[0;32m  OK  [0m] Created slice User Slice of vagrant.
         Starting User Manager for UID 1000...
[[0;32m  OK  [0m] Started Session 1 of user vagrant.
[[0;32m  OK  [0m] Started User Manager for UID 1000.

Ubuntu 18.04.2 LTS ubuntu-bionic ttyS0

ubuntu-bionic login: [   35.488847] cloud-init[1582]: Cloud-init v. 19.1-1-gbaa47854-0ubuntu1~18.04.1 running 'modules:config' at Sat, 03 Aug 2019 15:42:01 +0000. Up 34.55 seconds.
ci-info: no authorized ssh keys fingerprints found for user ubuntu.
<14>Aug  3 15:42:03 ec2: 
<14>Aug  3 15:42:03 ec2: #############################################################
<14>Aug  3 15:42:03 ec2: -----BEGIN SSH HOST KEY FINGERPRINTS-----
<14>Aug  3 15:42:03 ec2: 1024 SHA256:OB1HrwfJ0x0w1V4/ZuU/m2BUiMnJ+j5KaCJ0J2/+7y4 root@ubuntu-bionic (DSA)
<14>Aug  3 15:42:03 ec2: 256 SHA256:3yaNKa9Z2C0MhMMHwAkc7s1c7ShsY0TIkJHLwr1WPMU root@ubuntu-bionic (ECDSA)
<14>Aug  3 15:42:03 ec2: 256 SHA256:8YVo9VY3+Wz8GkrGFs2kTjwdEdD4oJCIwUcELRVU0zU root@ubuntu-bionic (ED25519)
<14>Aug  3 15:42:03 ec2: 2048 SHA256:c2nHirEYqYJTtQJlwIUMTZiVYAD1DA7pZ6WVEF1fETk root@ubuntu-bionic (RSA)
<14>Aug  3 15:42:03 ec2: -----END SSH HOST KEY FINGERPRINTS-----
<14>Aug  3 15:42:03 ec2: #############################################################
-----BEGIN SSH HOST KEY KEYS-----
ecdsa-sha2-nistp256 AAAAE2VjZHNhLXNoYTItbmlzdHAyNTYAAAAIbmlzdHAyNTYAAABBBCw9yavLISKb3P7IUJ5bcrs5P/xoXt0HBv4fwcyb4F9McWLKL5GVpeBbmIsY0CNgzcvYuUDpOmkaXOdt4if4J2I= root@ubuntu-bionic
ssh-ed25519 AAAAC3NzaC1lZDI1NTE5AAAAIAqz/UQWrSPdlBmCXj+UpvSrRxP0ECBu1Azo2Bcxqw06 root@ubuntu-bionic
ssh-rsa AAAAB3NzaC1yc2EAAAADAQABAAABAQDLYn5nzSXT47SNfawt0xPkZwy+2BbkFilhBH0AIUuYfcOGIDM6DBtkyA5nsPpPsf/cRdWhozhbRA8x2hxZlNkUY8PsWWsjYL77x/9GxIkZ63T8jQYFeBNqwLw5sVEKw4WdAegyhZG0uN8ay52vxn2oJwErki+RUTDXrSTU9Mxot8RIGdYNiZU0ExXLRrCwdE54dqunBHLVqWlXbhCsNZ5lqlZIpRfMCdQvYS9TIoNZnzU2WXLFAz2ptdpgTdOWHSIzd89irTR6VDW4UtuxV2ugl0bEs9U8ptTe5V5I67LAVeKDlS10NfuRMVK8NAe/46NaZmhr09GaIYjPDM76DFrn root@ubuntu-bionic
-----END SSH HOST KEY KEYS-----
[   35.960394] cloud-init[1696]: Cloud-init v. 19.1-1-gbaa47854-0ubuntu1~18.04.1 running 'modules:final' at Sat, 03 Aug 2019 15:42:03 +0000. Up 35.83 seconds.
[   35.960478] cloud-init[1696]: ci-info: no authorized ssh keys fingerprints found for user ubuntu.
[   35.960520] cloud-init[1696]: Cloud-init v. 19.1-1-gbaa47854-0ubuntu1~18.04.1 finished at Sat,[[0;32m  OK  0[[0;32m  OK  [0m] Stopped Deferred execution scheduler.
[[0;32m  OK  [0m] Stopped Getty on tty1.
[[0;32m  OK  [0m] Stopped Serial Getty on ttyS0.
[[0;32m  OK  [0m] Stopped Login Service.
[[0;32m  OK  [0m] Stopped Authorization Manager.
[[0;32m  OK  [0m] Stopped Availability of block devices.
[[0;32m  OK  [0m] Stopped FUSE filesystem for LXC.
[[0;32m  OK  [0m] Removed slice system-serial\x2dgetty.slice.
[[0;32m  OK  [0m] Removed slice system-getty.slice.
         Stopping Permit User Sessions...
[[0;32m  OK  [0m] Stopped LXD - container startup/shutdown.
[[0;32m  OK  [0m] Stopped LSB: automatic crash report generation.
[[0;32m  OK  [0m] Stopped Permit User Sessions.
[[0;32m  OK  [0m] Stopped Virtualbox guest utils.
[[0;32m  OK  [0m] Stopped target User and Group Name Lookups.
[[0;32m  OK  [0m] Stopped target Network.
         Stopping Network Name Resolution...
[[0;32m  OK  [0m] Stopped target Remote File Systems.
[[0;32m  OK  [0m] Stopped target Remote File Systems (Pre).
[[0;32m  OK  [0m] Stopped Network Name Resolution.
[[0;32m  OK  [0m] Stopped LSB: Record successful boot for GRUB.
[[0;32m  OK  [0m] Stopped target Basic System.
[[0;32m  OK  [0m] Stopped target Paths.
[[0;32m  OK  [0m] Stopped ACPI Events Check.
[[0;32m  OK  [0m] Stopped target Sockets.
[[0;32m  OK  [0m] Closed ACPID Listen Socket.
[[0;32m  OK  [0m] Closed LXD - unix socket.
[[0;32m  OK  [0m] Closed Socket activation for snappy daemon.
[[0;32m  OK  [0m] Closed UUID daemon activation socket.
[[0;32m  OK  [0m] Closed D-Bus System Message Bus Socket.
[[0;32m  OK  [0m] Closed Open-iSCSI iscsid Socket.
[[0;32m  OK  [0m] Closed Syslog Socket.
[[0;32m  OK  [0m] Stopped target Slices.
[[0;32m  OK  [0m] Removed slice User and Session Slice.
[[0;32m  OK  [0m] Stopped target System Initialization.
[[0;32m  OK  [0m] Stopped Initial cloud-init job (metadata service crawler).
[[0;32m  OK  [0m] Stopped Commit a transient machine-id on disk.
         Stopping Update UTMP about System Boot/Shutdown...
[[0;32m  OK  [0m] Stopped target Local Encrypted Volumes.
[[0;32m  OK  [0m] Stopped Forward Password Requests to Wall Directory Watch.
[[0;32m  OK  [0m] Stopped Dispatch Password Requests to Console Directory Watch.
         Stopping Load/Save Random Seed...
[[0;32m  OK  [0m] Stopped target Swap.
         Stopping Network Service...
[[0;32m  OK  [0m] Stopped Load/Save Random Seed.
[[0;32m  OK  [0m] Stopped Update UTMP about System Boot/Shutdown.
[[0;32m  OK  [0m] Stopped Create Volatile Files and Directories.
[[0;32m  OK  [0m] Stopped target Local File Systems.
         Unmounting /vagrant...
[[0;32m  OK  [0m] Stopped Network Service.
[[0;32m  OK  [0m] Stopped target Network (Pre).
[[0;32m  OK  [0m] Stopped Initial cloud-init job (pre-networking).
[[0;32m  OK  [0m] Stopped Apply Kernel Variables.
[[0;32m  OK  [0m] Stopped Load Kernel Modules.
[[0;32m  OK  [0m] Unmounted /vagrant.
[[0;32m  OK  [0m] Reached target Unmount All Filesystems.
[[0;32m  OK  [0m] Stopped target Local File Systems (Pre).
[[0;32m  OK  [0m] Stopped Create Static Device Nodes in /dev.
         Stopping Monitoring of LVM2 mirrors…ng dmeventd or progress polling...
[[0;32m  OK  [0m] Stopped Remount Root and Kernel File Systems.
[[0;32m  OK  [0m] Reached target Shutdown.
[[0;32m  OK  [0m] Reached target Final Step.
         Starting Power-Off...
[[0;32m  OK  [0m] Stopped Monitoring of LVM2 mirrors,…sing dmeventd or progress polling.
         Stopping LVM2 metadata daemon...
[[0;32m  OK  [0m] Stopped LVM2 metadata daemon.
[ 2142.939128] reboot: Power down
0m] Stopped Initial cloud-init job (metadata service crawler).
[[0;32m  OK  [0m] Stopped Forward Password Requests to Wall Directory Watch.
         Stopping Network Service...
[[0;32m  OK  [0m] Stopped Load/Save Random Seed.
[[0;32m  OK  [0m] Stopped Update UTMP about System Boot/Shutdown.
[[0;32m  OK  [0m] Stopped Create Volatile Files and Directories.
[[0;32m  OK  [0m] Stopped target Local File Systems.
         Unmounting /vagrant...
[[0;32m  OK  [0m] Unmounted /vagrant.
[[0;32m  OK  [0m] Reached target Unmount All Filesystems.
[[0;32m  OK  [0m] Stopped target Local File Systems (Pre).
[[0;32m  OK  [0m] Stopped Create Static Device Nodes in /dev.
         Stopping Monitoring of LVM2 mirrors…ng dmeventd or progress polling...
[[0;32m  OK  [0m] Stopped Network Service.
[[0;32m  OK  [0m] Stopped Monitoring of LVM2 mirrors,…sing dmeventd or progress polling.
         Stopping LVM2 metadata daemon...
[[0;32m  OK  [0m] Stopped target Network (Pre).
[[0;32m  OK  [0m] Stopped Initial cloud-init job (pre-networking).
[[0;32m  OK  [0m] Stopped Remount Root and Kernel File Systems.
[[0;32m  OK  [0m] Stopped Apply Kernel Variables.
[[0;32m  OK  [0m] Stopped Load Kernel Modules.
[[0;32m  OK  [0m] Reached target Shutdown.
[[0;32m  OK  [0m] Reached target Final Step.
         Starting Power-Off...
[[0;32m  OK  [0m] Stopped LVM2 metadata daemon.
[ 2062.903337] reboot: Power down
